  wisielec.cpp
C:\Users\Mateusz\source\repos\wysielec_gra\wysielec_gra\wisielec.cpp(80,15): warning C4244: "argument": konwersja z "time_t" do "unsigned int", możliwa utrata danych
C:\Users\Mateusz\source\repos\wysielec_gra\wysielec_gra\wisielec.cpp(175,10): error C2143: błąd składniowy: brakuje „;” przed „<<”
C:\Users\Mateusz\source\repos\wysielec_gra\wysielec_gra\wisielec.cpp(175,5): error C4430: brak specyfikatora typu - założono, że int. Uwaga: C++ nie obsługuje domyślnie typu int
C:\Users\Mateusz\source\repos\wysielec_gra\wysielec_gra\wisielec.cpp(175,48): error C2238: nieoczekiwany(e) token(y) poprzedzający(e) ";"
C:\Users\Mateusz\source\repos\wysielec_gra\wysielec_gra\wisielec.cpp(176,5): error C2059: błąd składniowy: „return”
C:\Users\Mateusz\source\repos\wysielec_gra\wysielec_gra\wisielec.cpp(176,11): error C2238: nieoczekiwany(e) token(y) poprzedzający(e) ";"
C:\Users\Mateusz\source\repos\wysielec_gra\wysielec_gra\wisielec.cpp(178,16): error C2065: "guess": niezadeklarowany identyfikator
C:\Users\Mateusz\source\repos\wysielec_gra\wysielec_gra\wisielec.cpp(178,23): error C3074: nie można zainicjować tablicy za pomocą inicjalizatora w nawiasach okrągłych
C:\Users\Mateusz\source\repos\wysielec_gra\wysielec_gra\wisielec.cpp(132,65): warning C4267: "argument": konwersja z "size_t" do "_Ty", możliwa utrata danych
C:\Users\Mateusz\source\repos\wysielec_gra\wysielec_gra\wisielec.cpp(132,65): warning C4267:         with
C:\Users\Mateusz\source\repos\wysielec_gra\wysielec_gra\wisielec.cpp(132,65): warning C4267:         [
C:\Users\Mateusz\source\repos\wysielec_gra\wysielec_gra\wisielec.cpp(132,65): warning C4267:             _Ty=int
C:\Users\Mateusz\source\repos\wysielec_gra\wysielec_gra\wisielec.cpp(132,65): warning C4267:         ]
C:\Users\Mateusz\source\repos\wysielec_gra\wysielec_gra\wisielec.cpp(179,6): error C2270: "render": modyfikatory niedozwolone dla funkcji niebędących funkcjami członkowskimi
C:\Users\Mateusz\source\repos\wysielec_gra\wysielec_gra\wisielec.cpp(179,6): error C4430: brak specyfikatora typu - założono, że int. Uwaga: C++ nie obsługuje domyślnie typu int
C:\Users\Mateusz\source\repos\wysielec_gra\wysielec_gra\wisielec.cpp(180,30): error C2065: "guessedWord": niezadeklarowany identyfikator
C:\Users\Mateusz\source\repos\wysielec_gra\wysielec_gra\wisielec.cpp(180,67): error C2065: "hintsRemaining": niezadeklarowany identyfikator
C:\Users\Mateusz\source\repos\wysielec_gra\wysielec_gra\wisielec.cpp(181,5): warning C4508: "render": funkcja powinna zwrócić wartość; założono typ zwracany "void"
C:\Users\Mateusz\source\repos\wysielec_gra\wysielec_gra\wisielec.cpp(184,10): error C2270: "isGameOver": modyfikatory niedozwolone dla funkcji niebędących funkcjami członkowskimi
C:\Users\Mateusz\source\repos\wysielec_gra\wysielec_gra\wisielec.cpp(185,17): error C2065: "attemptsLeft": niezadeklarowany identyfikator
C:\Users\Mateusz\source\repos\wysielec_gra\wysielec_gra\wisielec.cpp(185,38): error C2065: "guessedWord": niezadeklarowany identyfikator
C:\Users\Mateusz\source\repos\wysielec_gra\wysielec_gra\wisielec.cpp(185,53): error C2065: "word": niezadeklarowany identyfikator
C:\Users\Mateusz\source\repos\wysielec_gra\wysielec_gra\wisielec.cpp(190,9): error C2065: "word": niezadeklarowany identyfikator
C:\Users\Mateusz\source\repos\wysielec_gra\wysielec_gra\wisielec.cpp(190,33): error C2065: "words": niezadeklarowany identyfikator
C:\Users\Mateusz\source\repos\wysielec_gra\wysielec_gra\wisielec.cpp(191,9): error C2065: "guessedWord": niezadeklarowany identyfikator
C:\Users\Mateusz\source\repos\wysielec_gra\wysielec_gra\wisielec.cpp(191,30): error C2065: "word": niezadeklarowany identyfikator
C:\Users\Mateusz\source\repos\wysielec_gra\wysielec_gra\wisielec.cpp(191,29): error C2440: "<function-style-cast>": nie można konwertować z "char" na "std::string"
      C:\Users\Mateusz\source\repos\wysielec_gra\wysielec_gra\wisielec.cpp(191,29):
      „std::basic_string<char,std::char_traits<char>,std::allocator<char>>::basic_string”: żadna przeciążona funkcja nie może przekonwertować wszystkich typów argumentów
          C:\Program Files\Microsoft Visual Studio\2022\Community\VC\Tools\MSVC\14.41.34120\include\xstring(749,5):
          może to być „std::basic_string<char,std::char_traits<char>,std::allocator<char>>::basic_string(const _Elem *const )”
          with
          [
              _Elem=char
          ]
              C:\Users\Mateusz\source\repos\wysielec_gra\wysielec_gra\wisielec.cpp(191,29):
              „std::basic_string<char,std::char_traits<char>,std::allocator<char>>::basic_string(const _Elem *const )”: nie można dokonać konwersji argumentu 1 z „char” do „const _Elem *const ”
          with
          [
              _Elem=char
          ]
                  C:\Users\Mateusz\source\repos\wysielec_gra\wysielec_gra\wisielec.cpp(191,43):
                  Konwersja z typu całkowitego na typ wskaźnika wymaga operatora reinterpret_cast, rzutowania w stylu języka C lub rzutowania w stylu funkcji ujętego w nawiasach
          C:\Program Files\Microsoft Visual Studio\2022\Community\VC\Tools\MSVC\14.41.34120\include\xstring(1327,5):
          lub       "std::basic_string<char,std::char_traits<char>,std::allocator<char>>::basic_string(std::initializer_list<_Elem>,const _Alloc &)"
          with
          [
              _Elem=char,
              _Alloc=std::allocator<char>
          ]
              C:\Users\Mateusz\source\repos\wysielec_gra\wysielec_gra\wisielec.cpp(191,29):
              „std::basic_string<char,std::char_traits<char>,std::allocator<char>>::basic_string(std::initializer_list<_Elem>,const _Alloc &)”: nie można dokonać konwersji argumentu 1 z „char” do „std::initializer_list<_Elem>”
          with
          [
              _Elem=char,
              _Alloc=std::allocator<char>
          ]
          and
          [
              _Elem=char
          ]
                  C:\Users\Mateusz\source\repos\wysielec_gra\wysielec_gra\wisielec.cpp(191,43):
                  „std::initializer_list<_Elem>::initializer_list”: żadna przeciążona funkcja nie może przekonwertować wszystkich typów argumentów
          with
          [
              _Elem=char
          ]
                      C:\Program Files\Microsoft Visual Studio\2022\Community\VC\Tools\MSVC\14.41.34120\include\initializer_list(51,1):
                      może to być „std::initializer_list<_Elem>::initializer_list(std::initializer_list<_Elem> &&)”
          with
          [
              _Elem=char
          ]
                          C:\Users\Mateusz\source\repos\wysielec_gra\wysielec_gra\wisielec.cpp(191,43):
                          „std::initializer_list<_Elem>::initializer_list(std::initializer_list<_Elem> &&)”: nie można dokonać konwersji argumentu 1 z „char” do „std::initializer_list<_Elem> &&”
          with
          [
              _Elem=char
          ]
                              C:\Users\Mateusz\source\repos\wysielec_gra\wysielec_gra\wisielec.cpp(191,43):
                              Przyczyna: nie można skonwertować z "char" na "std::initializer_list<_Elem>"
          with
          [
              _Elem=char
          ]
                              C:\Users\Mateusz\source\repos\wysielec_gra\wysielec_gra\wisielec.cpp(191,43):
                              Konwersja wymaga drugiego operatora konwersji zdefiniowanego przez użytkownika lub konstruktora
                      C:\Program Files\Microsoft Visual Studio\2022\Community\VC\Tools\MSVC\14.41.34120\include\initializer_list(51,1):
                      lub       "std::initializer_list<_Elem>::initializer_list(const std::initializer_list<_Elem> &)"
          with
          [
              _Elem=char
          ]
                          C:\Users\Mateusz\source\repos\wysielec_gra\wysielec_gra\wisielec.cpp(191,43):
                          „std::initializer_list<_Elem>::initializer_list(const std::initializer_list<_Elem> &)”: nie można dokonać konwersji argumentu 1 z „char” do „const std::initializer_list<_Elem> &”
          with
          [
              _Elem=char
          ]
                              C:\Users\Mateusz\source\repos\wysielec_gra\wysielec_gra\wisielec.cpp(191,43):
                              Przyczyna: nie można skonwertować z "char" na "const std::initializer_list<_Elem>"
          with
          [
              _Elem=char
          ]
                              C:\Users\Mateusz\source\repos\wysielec_gra\wysielec_gra\wisielec.cpp(191,43):
                              Konwersja wymaga drugiego operatora konwersji zdefiniowanego przez użytkownika lub konstruktora
                      C:\Users\Mateusz\source\repos\wysielec_gra\wysielec_gra\wisielec.cpp(191,43):
                      podczas próby dopasowania listy argumentów "(char)"
          C:\Program Files\Microsoft Visual Studio\2022\Community\VC\Tools\MSVC\14.41.34120\include\xstring(693,5):
          lub       "std::basic_string<char,std::char_traits<char>,std::allocator<char>>::basic_string(const _Alloc &) noexcept"
          with
          [
              _Alloc=std::allocator<char>
          ]
              C:\Users\Mateusz\source\repos\wysielec_gra\wysielec_gra\wisielec.cpp(191,29):
              „std::basic_string<char,std::char_traits<char>,std::allocator<char>>::basic_string(const _Alloc &) noexcept”: nie można dokonać konwersji argumentu 1 z „char” do „const _Alloc &”
          with
          [
              _Alloc=std::allocator<char>
          ]
                  C:\Users\Mateusz\source\repos\wysielec_gra\wysielec_gra\wisielec.cpp(191,43):
                  Przyczyna: nie można skonwertować z "char" na "const _Alloc"
          with
          [
              _Alloc=std::allocator<char>
          ]
                  C:\Users\Mateusz\source\repos\wysielec_gra\wysielec_gra\wisielec.cpp(191,43):
                  „std::allocator<char>::allocator”: żadna przeciążona funkcja nie może przekonwertować wszystkich typów argumentów
                      C:\Program Files\Microsoft Visual Studio\2022\Community\VC\Tools\MSVC\14.41.34120\include\xmemory(940,5):
                      może to być „std::allocator<char>::allocator(const std::allocator<char> &) noexcept”
                          C:\Users\Mateusz\source\repos\wysielec_gra\wysielec_gra\wisielec.cpp(191,43):
                          „std::allocator<char>::allocator(const std::allocator<char> &) noexcept”: nie można dokonać konwersji argumentu 1 z „char” do „const std::allocator<char> &”
                              C:\Users\Mateusz\source\repos\wysielec_gra\wysielec_gra\wisielec.cpp(191,43):
                              Przyczyna: nie można skonwertować z "char" na "const std::allocator<char>"
                              C:\Users\Mateusz\source\repos\wysielec_gra\wysielec_gra\wisielec.cpp(191,43):
                              Konwersja wymaga drugiego operatora konwersji zdefiniowanego przez użytkownika lub konstruktora
                      C:\Program Files\Microsoft Visual Studio\2022\Community\VC\Tools\MSVC\14.41.34120\include\xmemory(938,5):
                      lub       "std::allocator<char>::allocator(void) noexcept"
                          C:\Users\Mateusz\source\repos\wysielec_gra\wysielec_gra\wisielec.cpp(191,43):
                          "std::allocator<char>::allocator": funkcja nie przyjmuje 1 argumentów
                      C:\Program Files\Microsoft Visual Studio\2022\Community\VC\Tools\MSVC\14.41.34120\include\xmemory(942,5):
                      lub       "std::allocator<char>::allocator(const std::allocator<_Other> &) noexcept"
                      C:\Users\Mateusz\source\repos\wysielec_gra\wysielec_gra\wisielec.cpp(191,43):
                      podczas próby dopasowania listy argumentów "(char)"
          C:\Program Files\Microsoft Visual Studio\2022\Community\VC\Tools\MSVC\14.41.34120\include\xstring(779,5):
          lub       "std::basic_string<char,std::char_traits<char>,std::allocator<char>>::basic_string(_Iter,_Iter,const _Alloc &)"
          with
          [
              _Alloc=std::allocator<char>
          ]
          C:\Users\Mateusz\source\repos\wysielec_gra\wysielec_gra\wisielec.cpp(191,29):
          podczas próby dopasowania listy argumentów "(char)"
  
C:\Users\Mateusz\source\repos\wysielec_gra\wysielec_gra\wisielec.cpp(193,9): error C2065: "attemptsLeft": niezadeklarowany identyfikator
C:\Users\Mateusz\source\repos\wysielec_gra\wysielec_gra\wisielec.cpp(194,9): error C2065: "hintsRemaining": niezadeklarowany identyfikator
C:\Users\Mateusz\source\repos\wysielec_gra\wysielec_gra\wisielec.cpp(195,9): error C2065: "startTime": niezadeklarowany identyfikator
C:\Users\Mateusz\source\repos\wysielec_gra\wysielec_gra\wisielec.cpp(201,26): error C3861: "handleInput": identyfikatora nie odnaleziono
C:\Users\Mateusz\source\repos\wysielec_gra\wysielec_gra\wisielec.cpp(202,13): error C3861: "update": identyfikatora nie odnaleziono
C:\Users\Mateusz\source\repos\wysielec_gra\wysielec_gra\wisielec.cpp(206,52): error C2065: "startTime": niezadeklarowany identyfikator
C:\Users\Mateusz\source\repos\wysielec_gra\wysielec_gra\wisielec.cpp(207,22): error C2065: "guessedWord": niezadeklarowany identyfikator
C:\Users\Mateusz\source\repos\wysielec_gra\wysielec_gra\wisielec.cpp(207,37): error C2065: "word": niezadeklarowany identyfikator
C:\Users\Mateusz\source\repos\wysielec_gra\wysielec_gra\wisielec.cpp(207,44): error C2065: "attemptsLeft": niezadeklarowany identyfikator
C:\Users\Mateusz\source\repos\wysielec_gra\wysielec_gra\wisielec.cpp(209,13): error C2065: "guessedWord": niezadeklarowany identyfikator
C:\Users\Mateusz\source\repos\wysielec_gra\wysielec_gra\wisielec.cpp(209,28): error C2065: "word": niezadeklarowany identyfikator
C:\Users\Mateusz\source\repos\wysielec_gra\wysielec_gra\wisielec.cpp(210,56): error C2065: "word": niezadeklarowany identyfikator
C:\Users\Mateusz\source\repos\wysielec_gra\wysielec_gra\wisielec.cpp(217,17): error C2065: "highScores": niezadeklarowany identyfikator
C:\Users\Mateusz\source\repos\wysielec_gra\wysielec_gra\wisielec.cpp(218,22): error C2065: "highScores": niezadeklarowany identyfikator
C:\Users\Mateusz\source\repos\wysielec_gra\wysielec_gra\wisielec.cpp(218,42): error C2065: "highScores": niezadeklarowany identyfikator
C:\Users\Mateusz\source\repos\wysielec_gra\wysielec_gra\wisielec.cpp(218,17): error C2672: „sort”: nie znaleziono zgodnej przeciążonej funkcji
      C:\Program Files\Microsoft Visual Studio\2022\Community\VC\Tools\MSVC\14.41.34120\include\algorithm(8392,19):
      może to być „void std::sort(const _RanIt,const _RanIt)”
      C:\Program Files\Microsoft Visual Studio\2022\Community\VC\Tools\MSVC\14.41.34120\include\algorithm(8384,19):
      lub       "void std::sort(const _RanIt,const _RanIt,_Pr)"
          C:\Users\Mateusz\source\repos\wysielec_gra\wysielec_gra\wisielec.cpp(218,17):
          „void std::sort(const _RanIt,const _RanIt,_Pr)”: oczekuje 3 argumentów — podano 2
  
C:\Users\Mateusz\source\repos\wysielec_gra\wysielec_gra\wisielec.cpp(221,21): error C2065: "highScores": niezadeklarowany identyfikator
C:\Users\Mateusz\source\repos\wysielec_gra\wysielec_gra\wisielec.cpp(222,21): error C2065: "highScores": niezadeklarowany identyfikator
C:\Users\Mateusz\source\repos\wysielec_gra\wysielec_gra\wisielec.cpp(224,32): error C2065: "highScoresFile": niezadeklarowany identyfikator
C:\Users\Mateusz\source\repos\wysielec_gra\wysielec_gra\wisielec.cpp(224,48): error C2065: "highScores": niezadeklarowany identyfikator
C:\Users\Mateusz\source\repos\wysielec_gra\wysielec_gra\wisielec.cpp(228,61): error C2065: "word": niezadeklarowany identyfikator
C:\Users\Mateusz\source\repos\wysielec_gra\wysielec_gra\wisielec.cpp(233,10): error C2270: "showHighScores": modyfikatory niedozwolone dla funkcji niebędących funkcjami członkowskimi
C:\Users\Mateusz\source\repos\wysielec_gra\wysielec_gra\wisielec.cpp(234,27): error C2065: "highScores": niezadeklarowany identyfikator
C:\Users\Mateusz\source\repos\wysielec_gra\wysielec_gra\wisielec.cpp(236,1): error C2059: błąd składniowy: „}”
C:\Users\Mateusz\source\repos\wysielec_gra\wysielec_gra\wisielec.cpp(236,1): error C2143: błąd składniowy: brakuje „;” przed „}”
C:\Users\Mateusz\source\repos\wysielec_gra\wysielec_gra\wisielec.cpp(245,10): error C2039: „showHighScores”: nie jest składową elementu „HangmanGame”
      C:\Users\Mateusz\source\repos\wysielec_gra\wysielec_gra\wisielec.cpp(85,7):
      zobacz deklarację „HangmanGame”
  
C:\Users\Mateusz\source\repos\wysielec_gra\wysielec_gra\wisielec.cpp(249,14): error C2039: „startGame”: nie jest składową elementu „HangmanGame”
      C:\Users\Mateusz\source\repos\wysielec_gra\wysielec_gra\wisielec.cpp(85,7):
      zobacz deklarację „HangmanGame”
  
